<?xml version="1.0" encoding="UTF-8"?>
<!-- Generated by org.testng.reporters.JUnitXMLReporter -->
<testsuite ignored="1" hostname="Thilan" failures="0" tests="1" name="Default test" time="10.376" errors="0" timestamp="2026-05-29T14:19:18 IST">
  <testcase classname="com.swaglabtest.testcases.SeccurityTest" name="checkLogoutUser" time="0.608"/>
  <testcase classname="com.swaglabtest.testcases.SeccurityTest" name="VerifyWithoutLogin" time="0.0">
    <ignored/>
  </testcase> <!-- VerifyWithoutLogin -->
</testsuite> <!-- Default test -->
