<?xml version="1.0" encoding="UTF-8"?>
<!-- Generated by org.testng.reporters.JUnitXMLReporter -->
<testsuite ignored="0" hostname="Thilan" failures="0" tests="2" name="Default test" time="15.079" errors="0" timestamp="2026-05-29T12:32:19 IST">
  <testcase classname="com.swaglabtest.testcases.BrokenLinkTest" name="brokenLinkTestLoginPage" time="1.449"/>
  <testcase classname="com.swaglabtest.testcases.BrokenLinkTest" name="brokenLinkTestPurchasePage" time="1.06"/>
</testsuite> <!-- Default test -->
