<?xml version="1.0" encoding="UTF-8"?>
<!-- Generated by org.testng.reporters.JUnitXMLReporter -->
<testsuite ignored="4" hostname="Thilan" failures="2" tests="8" name="Testfirefox" time="66.357" errors="0" timestamp="2026-05-29T12:06:50 IST">
  <testcase classname="com.swaglabtest.testcases.MainPageLoginTest" name="UserLogingWithCredentials" time="0.017"/>
  <testcase classname="com.swaglabtest.testcases.NewPurchaseTest" name="newPurchasing" time="32.795"/>
  <testcase classname="com.swaglabtest.testcases.NewPurchaseTest" name="sortOrderAscending" time="0.089"/>
  <testcase classname="com.swaglabtest.testcases.NewPurchaseTest" name="sortOrderDescending" time="0.165"/>
  <testcase classname="com.swaglabtest.testcases.NewPurchaseTest" name="lowerToHighPriceListDown" time="0.138"/>
  <testcase classname="com.swaglabtest.testcases.NewPurchaseTest" name="highToLowerPriceListDown" time="0.138"/>
  <testcase classname="com.swaglabtest.testcases.BrokenLinkTest" name="brokenLinkTestLoginPage" time="0.995">
    <failure type="java.lang.AssertionError" message="The following asserts failed:
	Broken URL https://www.saucedemo.com/icon/icon-192x192.png : 404">
      <![CDATA[java.lang.AssertionError: The following asserts failed:
Broken URL https://www.saucedemo.com/icon/icon-192x192.png : 404
at com.swaglabtest.testcases.BrokenLinkTest.brokenLinkTestLoginPage(BrokenLinkTest.java:64)
at java.base/java.util.ArrayList.forEach(ArrayList.java:1596)
... Removed 27 stack frames]]>
    </failure>
  </testcase> <!-- brokenLinkTestLoginPage -->
  <testcase classname="com.swaglabtest.testcases.BrokenLinkTest" name="brokenLinkTestPurchasePage" time="1.042">
    <failure type="java.lang.AssertionError" message="The following asserts failed:
	Broken URL https://www.saucedemo.com/icon/icon-192x192.png : 404,
	Broken URL https://www.saucedemo.com/icon/icon-192x192.png : 404">
      <![CDATA[java.lang.AssertionError: The following asserts failed:
Broken URL https://www.saucedemo.com/icon/icon-192x192.png : 404,
Broken URL https://www.saucedemo.com/icon/icon-192x192.png : 404
at com.swaglabtest.testcases.BrokenLinkTest.brokenLinkTestPurchasePage(BrokenLinkTest.java:99)
at java.base/java.util.ArrayList.forEach(ArrayList.java:1596)
... Removed 27 stack frames]]>
    </failure>
  </testcase> <!-- brokenLinkTestPurchasePage -->
  <testcase classname="com.swaglabtest.pages.BaseClass" name="@AfterSuite teardownSuite" time="0.0">
    <ignored/>
  </testcase> <!-- @AfterSuite teardownSuite -->
  <testcase classname="com.swaglabtest.pages.BaseClass" name="@BeforeSuite setupSuite" time="0.0">
    <ignored/>
  </testcase> <!-- @BeforeSuite setupSuite -->
  <testcase classname="com.swaglabtest.pages.BaseClass" name="@AfterSuite teardownSuite" time="0.0">
    <ignored/>
  </testcase> <!-- @AfterSuite teardownSuite -->
  <testcase classname="com.swaglabtest.pages.BaseClass" name="@BeforeSuite setupSuite" time="0.0">
    <ignored/>
  </testcase> <!-- @BeforeSuite setupSuite -->
</testsuite> <!-- Testfirefox -->
