<?xml version="1.0" encoding="UTF-8"?>
<testng-results ignored="0" total="8" passed="8" failed="0" skipped="0">
  <reporter-output>
  </reporter-output>
  <suite started-at="2026-05-29T12:45:35 IST" name="Surefire suite" finished-at="2026-05-29T12:46:42 IST" duration-ms="66290">
    <groups>
    </groups>
    <test started-at="2026-05-29T12:45:35 IST" name="Surefire test" finished-at="2026-05-29T12:46:42 IST" duration-ms="66290">
      <class name="com.swaglabtest.testcases.NewPurchaseTest">
        <test-method is-config="true" signature="setupClass(java.lang.String)[pri:0, instance:com.swaglabtest.testcases.NewPurchaseTest@578524c3]" started-at="2026-05-29T12:45:58 IST" name="setupClass" finished-at="2026-05-29T12:46:08 IST" duration-ms="10258" status="PASS">
          <params>
            <param index="0">
              <value>
                <![CDATA[]]>
              </value>
            </param>
          </params>
          <reporter-output>
          </reporter-output>
        </test-method> <!-- setupClass -->
        <test-method is-config="true" signature="startTest(java.lang.reflect.Method)[pri:0, instance:com.swaglabtest.testcases.NewPurchaseTest@578524c3]" started-at="2026-05-29T12:46:08 IST" name="startTest" finished-at="2026-05-29T12:46:08 IST" duration-ms="0" status="PASS">
          <params>
            <param index="0">
              <value>
                <![CDATA[public void com.swaglabtest.testcases.NewPurchaseTest.newPurchasing()]]>
              </value>
            </param>
          </params>
          <reporter-output>
          </reporter-output>
        </test-method> <!-- startTest -->
        <test-method is-config="true" signature="PageIninitialize(java.lang.reflect.Method)[pri:0, instance:com.swaglabtest.testcases.NewPurchaseTest@578524c3]" started-at="2026-05-29T12:46:08 IST" name="PageIninitialize" finished-at="2026-05-29T12:46:08 IST" duration-ms="248" status="PASS">
          <params>
            <param index="0">
              <value>
                <![CDATA[public void com.swaglabtest.testcases.NewPurchaseTest.newPurchasing()]]>
              </value>
            </param>
          </params>
          <reporter-output>
          </reporter-output>
        </test-method> <!-- PageIninitialize -->
        <test-method signature="newPurchasing()[pri:1, instance:com.swaglabtest.testcases.NewPurchaseTest@578524c3]" started-at="2026-05-29T12:46:08 IST" name="newPurchasing" finished-at="2026-05-29T12:46:41 IST" duration-ms="32697" status="PASS">
          <reporter-output>
          </reporter-output>
        </test-method> <!-- newPurchasing -->
        <test-method is-config="true" signature="tearDownMethod(org.testng.ITestResult)[pri:0, instance:com.swaglabtest.testcases.NewPurchaseTest@578524c3]" started-at="2026-05-29T12:46:41 IST" name="tearDownMethod" finished-at="2026-05-29T12:46:41 IST" duration-ms="2" status="PASS">
          <params>
            <param index="0">
              <value>
                <![CDATA[[TestResult name=newPurchasing status=SUCCESS method=NewPurchaseTest.newPurchasing()[pri:1, instance:com.swaglabtest.testcases.NewPurchaseTest@578524c3] output={null}]]]>
              </value>
            </param>
          </params>
          <reporter-output>
          </reporter-output>
        </test-method> <!-- tearDownMethod -->
        <test-method is-config="true" signature="startTest(java.lang.reflect.Method)[pri:0, instance:com.swaglabtest.testcases.NewPurchaseTest@578524c3]" started-at="2026-05-29T12:46:41 IST" name="startTest" finished-at="2026-05-29T12:46:41 IST" duration-ms="1" status="PASS">
          <params>
            <param index="0">
              <value>
                <![CDATA[public void com.swaglabtest.testcases.NewPurchaseTest.sortOrderAscending()]]>
              </value>
            </param>
          </params>
          <reporter-output>
          </reporter-output>
        </test-method> <!-- startTest -->
        <test-method is-config="true" signature="PageIninitialize(java.lang.reflect.Method)[pri:0, instance:com.swaglabtest.testcases.NewPurchaseTest@578524c3]" started-at="2026-05-29T12:46:41 IST" name="PageIninitialize" finished-at="2026-05-29T12:46:41 IST" duration-ms="0" status="PASS">
          <params>
            <param index="0">
              <value>
                <![CDATA[public void com.swaglabtest.testcases.NewPurchaseTest.sortOrderAscending()]]>
              </value>
            </param>
          </params>
          <reporter-output>
          </reporter-output>
        </test-method> <!-- PageIninitialize -->
        <test-method signature="sortOrderAscending()[pri:2, instance:com.swaglabtest.testcases.NewPurchaseTest@578524c3]" started-at="2026-05-29T12:46:41 IST" name="sortOrderAscending" finished-at="2026-05-29T12:46:41 IST" duration-ms="151" status="PASS">
          <reporter-output>
          </reporter-output>
        </test-method> <!-- sortOrderAscending -->
        <test-method is-config="true" signature="tearDownMethod(org.testng.ITestResult)[pri:0, instance:com.swaglabtest.testcases.NewPurchaseTest@578524c3]" started-at="2026-05-29T12:46:41 IST" name="tearDownMethod" finished-at="2026-05-29T12:46:41 IST" duration-ms="1" status="PASS">
          <params>
            <param index="0">
              <value>
                <![CDATA[[TestResult name=sortOrderAscending status=SUCCESS method=NewPurchaseTest.sortOrderAscending()[pri:2, instance:com.swaglabtest.testcases.NewPurchaseTest@578524c3] output={null}]]]>
              </value>
            </param>
          </params>
          <reporter-output>
          </reporter-output>
        </test-method> <!-- tearDownMethod -->
        <test-method is-config="true" signature="startTest(java.lang.reflect.Method)[pri:0, instance:com.swaglabtest.testcases.NewPurchaseTest@578524c3]" started-at="2026-05-29T12:46:41 IST" name="startTest" finished-at="2026-05-29T12:46:41 IST" duration-ms="1" status="PASS">
          <params>
            <param index="0">
              <value>
                <![CDATA[public void com.swaglabtest.testcases.NewPurchaseTest.sortOrderDescending()]]>
              </value>
            </param>
          </params>
          <reporter-output>
          </reporter-output>
        </test-method> <!-- startTest -->
        <test-method is-config="true" signature="PageIninitialize(java.lang.reflect.Method)[pri:0, instance:com.swaglabtest.testcases.NewPurchaseTest@578524c3]" started-at="2026-05-29T12:46:41 IST" name="PageIninitialize" finished-at="2026-05-29T12:46:41 IST" duration-ms="4" status="PASS">
          <params>
            <param index="0">
              <value>
                <![CDATA[public void com.swaglabtest.testcases.NewPurchaseTest.sortOrderDescending()]]>
              </value>
            </param>
          </params>
          <reporter-output>
          </reporter-output>
        </test-method> <!-- PageIninitialize -->
        <test-method signature="sortOrderDescending()[pri:3, instance:com.swaglabtest.testcases.NewPurchaseTest@578524c3]" started-at="2026-05-29T12:46:41 IST" name="sortOrderDescending" finished-at="2026-05-29T12:46:41 IST" duration-ms="129" status="PASS">
          <reporter-output>
          </reporter-output>
        </test-method> <!-- sortOrderDescending -->
        <test-method is-config="true" signature="tearDownMethod(org.testng.ITestResult)[pri:0, instance:com.swaglabtest.testcases.NewPurchaseTest@578524c3]" started-at="2026-05-29T12:46:41 IST" name="tearDownMethod" finished-at="2026-05-29T12:46:41 IST" duration-ms="0" status="PASS">
          <params>
            <param index="0">
              <value>
                <![CDATA[[TestResult name=sortOrderDescending status=SUCCESS method=NewPurchaseTest.sortOrderDescending()[pri:3, instance:com.swaglabtest.testcases.NewPurchaseTest@578524c3] output={null}]]]>
              </value>
            </param>
          </params>
          <reporter-output>
          </reporter-output>
        </test-method> <!-- tearDownMethod -->
        <test-method is-config="true" signature="PageIninitialize(java.lang.reflect.Method)[pri:0, instance:com.swaglabtest.testcases.NewPurchaseTest@578524c3]" started-at="2026-05-29T12:46:41 IST" name="PageIninitialize" finished-at="2026-05-29T12:46:41 IST" duration-ms="0" status="PASS">
          <params>
            <param index="0">
              <value>
                <![CDATA[public void com.swaglabtest.testcases.NewPurchaseTest.lowerToHighPriceListDown()]]>
              </value>
            </param>
          </params>
          <reporter-output>
          </reporter-output>
        </test-method> <!-- PageIninitialize -->
        <test-method is-config="true" signature="startTest(java.lang.reflect.Method)[pri:0, instance:com.swaglabtest.testcases.NewPurchaseTest@578524c3]" started-at="2026-05-29T12:46:41 IST" name="startTest" finished-at="2026-05-29T12:46:41 IST" duration-ms="0" status="PASS">
          <params>
            <param index="0">
              <value>
                <![CDATA[public void com.swaglabtest.testcases.NewPurchaseTest.lowerToHighPriceListDown()]]>
              </value>
            </param>
          </params>
          <reporter-output>
          </reporter-output>
        </test-method> <!-- startTest -->
        <test-method signature="lowerToHighPriceListDown()[pri:4, instance:com.swaglabtest.testcases.NewPurchaseTest@578524c3]" started-at="2026-05-29T12:46:41 IST" name="lowerToHighPriceListDown" finished-at="2026-05-29T12:46:41 IST" duration-ms="116" status="PASS">
          <reporter-output>
          </reporter-output>
        </test-method> <!-- lowerToHighPriceListDown -->
        <test-method is-config="true" signature="tearDownMethod(org.testng.ITestResult)[pri:0, instance:com.swaglabtest.testcases.NewPurchaseTest@578524c3]" started-at="2026-05-29T12:46:41 IST" name="tearDownMethod" finished-at="2026-05-29T12:46:41 IST" duration-ms="1" status="PASS">
          <params>
            <param index="0">
              <value>
                <![CDATA[[TestResult name=lowerToHighPriceListDown status=SUCCESS method=NewPurchaseTest.lowerToHighPriceListDown()[pri:4, instance:com.swaglabtest.testcases.NewPurchaseTest@578524c3] output={null}]]]>
              </value>
            </param>
          </params>
          <reporter-output>
          </reporter-output>
        </test-method> <!-- tearDownMethod -->
        <test-method signature="highToLowerPriceListDown()[pri:5, instance:com.swaglabtest.testcases.NewPurchaseTest@578524c3]" started-at="2026-05-29T12:46:41 IST" name="highToLowerPriceListDown" finished-at="2026-05-29T12:46:42 IST" duration-ms="117" status="PASS">
          <reporter-output>
          </reporter-output>
        </test-method> <!-- highToLowerPriceListDown -->
        <test-method is-config="true" signature="PageIninitialize(java.lang.reflect.Method)[pri:0, instance:com.swaglabtest.testcases.NewPurchaseTest@578524c3]" started-at="2026-05-29T12:46:41 IST" name="PageIninitialize" finished-at="2026-05-29T12:46:41 IST" duration-ms="0" status="PASS">
          <params>
            <param index="0">
              <value>
                <![CDATA[public void com.swaglabtest.testcases.NewPurchaseTest.highToLowerPriceListDown()]]>
              </value>
            </param>
          </params>
          <reporter-output>
          </reporter-output>
        </test-method> <!-- PageIninitialize -->
        <test-method is-config="true" signature="startTest(java.lang.reflect.Method)[pri:0, instance:com.swaglabtest.testcases.NewPurchaseTest@578524c3]" started-at="2026-05-29T12:46:41 IST" name="startTest" finished-at="2026-05-29T12:46:41 IST" duration-ms="0" status="PASS">
          <params>
            <param index="0">
              <value>
                <![CDATA[public void com.swaglabtest.testcases.NewPurchaseTest.highToLowerPriceListDown()]]>
              </value>
            </param>
          </params>
          <reporter-output>
          </reporter-output>
        </test-method> <!-- startTest -->
        <test-method is-config="true" signature="tearDownMethod(org.testng.ITestResult)[pri:0, instance:com.swaglabtest.testcases.NewPurchaseTest@578524c3]" started-at="2026-05-29T12:46:42 IST" name="tearDownMethod" finished-at="2026-05-29T12:46:42 IST" duration-ms="1" status="PASS">
          <params>
            <param index="0">
              <value>
                <![CDATA[[TestResult name=highToLowerPriceListDown status=SUCCESS method=NewPurchaseTest.highToLowerPriceListDown()[pri:5, instance:com.swaglabtest.testcases.NewPurchaseTest@578524c3] output={null}]]]>
              </value>
            </param>
          </params>
          <reporter-output>
          </reporter-output>
        </test-method> <!-- tearDownMethod -->
        <test-method is-config="true" signature="teardownClass()[pri:0, instance:com.swaglabtest.testcases.NewPurchaseTest@578524c3]" started-at="2026-05-29T12:46:42 IST" name="teardownClass" finished-at="2026-05-29T12:46:42 IST" duration-ms="175" status="PASS">
          <reporter-output>
          </reporter-output>
        </test-method> <!-- teardownClass -->
      </class> <!-- com.swaglabtest.testcases.NewPurchaseTest -->
      <class name="com.swaglabtest.testcases.MainPageLoginTest">
        <test-method is-config="true" signature="setupClass(java.lang.String)[pri:0, instance:com.swaglabtest.testcases.MainPageLoginTest@551a20d6]" started-at="2026-05-29T12:45:49 IST" name="setupClass" finished-at="2026-05-29T12:45:58 IST" duration-ms="8313" status="PASS">
          <params>
            <param index="0">
              <value>
                <![CDATA[]]>
              </value>
            </param>
          </params>
          <reporter-output>
          </reporter-output>
        </test-method> <!-- setupClass -->
        <test-method is-config="true" signature="startTest(java.lang.reflect.Method)[pri:0, instance:com.swaglabtest.testcases.MainPageLoginTest@551a20d6]" started-at="2026-05-29T12:45:58 IST" name="startTest" finished-at="2026-05-29T12:45:58 IST" duration-ms="7" status="PASS">
          <params>
            <param index="0">
              <value>
                <![CDATA[public void com.swaglabtest.testcases.MainPageLoginTest.UserLogingWithCredentials()]]>
              </value>
            </param>
          </params>
          <reporter-output>
          </reporter-output>
        </test-method> <!-- startTest -->
        <test-method is-config="true" signature="PageIninitialize(java.lang.reflect.Method)[pri:0, instance:com.swaglabtest.testcases.MainPageLoginTest@551a20d6]" started-at="2026-05-29T12:45:58 IST" name="PageIninitialize" finished-at="2026-05-29T12:45:58 IST" duration-ms="6" status="PASS">
          <params>
            <param index="0">
              <value>
                <![CDATA[public void com.swaglabtest.testcases.MainPageLoginTest.UserLogingWithCredentials()]]>
              </value>
            </param>
          </params>
          <reporter-output>
          </reporter-output>
        </test-method> <!-- PageIninitialize -->
        <test-method signature="UserLogingWithCredentials()[pri:1, instance:com.swaglabtest.testcases.MainPageLoginTest@551a20d6]" started-at="2026-05-29T12:45:58 IST" name="UserLogingWithCredentials" finished-at="2026-05-29T12:45:58 IST" duration-ms="7" status="PASS">
          <reporter-output>
          </reporter-output>
        </test-method> <!-- UserLogingWithCredentials -->
        <test-method is-config="true" signature="tearDownMethod(org.testng.ITestResult)[pri:0, instance:com.swaglabtest.testcases.MainPageLoginTest@551a20d6]" started-at="2026-05-29T12:45:58 IST" name="tearDownMethod" finished-at="2026-05-29T12:45:58 IST" duration-ms="2" status="PASS">
          <params>
            <param index="0">
              <value>
                <![CDATA[[TestResult name=UserLogingWithCredentials status=SUCCESS method=MainPageLoginTest.UserLogingWithCredentials()[pri:1, instance:com.swaglabtest.testcases.MainPageLoginTest@551a20d6] output={null}]]]>
              </value>
            </param>
          </params>
          <reporter-output>
          </reporter-output>
        </test-method> <!-- tearDownMethod -->
        <test-method is-config="true" signature="teardownClass()[pri:0, instance:com.swaglabtest.testcases.MainPageLoginTest@551a20d6]" started-at="2026-05-29T12:45:58 IST" name="teardownClass" finished-at="2026-05-29T12:45:58 IST" duration-ms="168" status="PASS">
          <reporter-output>
          </reporter-output>
        </test-method> <!-- teardownClass -->
      </class> <!-- com.swaglabtest.testcases.MainPageLoginTest -->
      <class name="com.swaglabtest.testcases.BrokenLinkTest">
        <test-method is-config="true" signature="setupSuite()[pri:0, instance:com.swaglabtest.testcases.BrokenLinkTest@2f4854d6]" started-at="2026-05-29T12:45:34 IST" name="setupSuite" finished-at="2026-05-29T12:45:35 IST" duration-ms="1014" status="PASS">
          <reporter-output>
          </reporter-output>
        </test-method> <!-- setupSuite -->
        <test-method is-config="true" signature="setupClass(java.lang.String)[pri:0, instance:com.swaglabtest.testcases.BrokenLinkTest@2f4854d6]" started-at="2026-05-29T12:45:35 IST" name="setupClass" finished-at="2026-05-29T12:45:46 IST" duration-ms="10659" status="PASS">
          <params>
            <param index="0">
              <value>
                <![CDATA[]]>
              </value>
            </param>
          </params>
          <reporter-output>
          </reporter-output>
        </test-method> <!-- setupClass -->
        <test-method is-config="true" signature="startTest(java.lang.reflect.Method)[pri:0, instance:com.swaglabtest.testcases.BrokenLinkTest@2f4854d6]" started-at="2026-05-29T12:45:46 IST" name="startTest" finished-at="2026-05-29T12:45:46 IST" duration-ms="7" status="PASS">
          <params>
            <param index="0">
              <value>
                <![CDATA[public void com.swaglabtest.testcases.BrokenLinkTest.brokenLinkTestLoginPage()]]>
              </value>
            </param>
          </params>
          <reporter-output>
          </reporter-output>
        </test-method> <!-- startTest -->
        <test-method is-config="true" signature="PageIninitialize(java.lang.reflect.Method)[pri:0, instance:com.swaglabtest.testcases.BrokenLinkTest@2f4854d6]" started-at="2026-05-29T12:45:46 IST" name="PageIninitialize" finished-at="2026-05-29T12:45:46 IST" duration-ms="15" status="PASS">
          <params>
            <param index="0">
              <value>
                <![CDATA[public void com.swaglabtest.testcases.BrokenLinkTest.brokenLinkTestLoginPage()]]>
              </value>
            </param>
          </params>
          <reporter-output>
          </reporter-output>
        </test-method> <!-- PageIninitialize -->
        <test-method signature="brokenLinkTestLoginPage()[pri:1, instance:com.swaglabtest.testcases.BrokenLinkTest@2f4854d6]" started-at="2026-05-29T12:45:46 IST" name="brokenLinkTestLoginPage" finished-at="2026-05-29T12:45:48 IST" duration-ms="1777" status="PASS">
          <reporter-output>
          </reporter-output>
        </test-method> <!-- brokenLinkTestLoginPage -->
        <test-method is-config="true" signature="tearDownMethod(org.testng.ITestResult)[pri:0, instance:com.swaglabtest.testcases.BrokenLinkTest@2f4854d6]" started-at="2026-05-29T12:45:48 IST" name="tearDownMethod" finished-at="2026-05-29T12:45:48 IST" duration-ms="2" status="PASS">
          <params>
            <param index="0">
              <value>
                <![CDATA[[TestResult name=brokenLinkTestLoginPage status=SUCCESS method=BrokenLinkTest.brokenLinkTestLoginPage()[pri:1, instance:com.swaglabtest.testcases.BrokenLinkTest@2f4854d6] output={null}]]]>
              </value>
            </param>
          </params>
          <reporter-output>
          </reporter-output>
        </test-method> <!-- tearDownMethod -->
        <test-method is-config="true" signature="startTest(java.lang.reflect.Method)[pri:0, instance:com.swaglabtest.testcases.BrokenLinkTest@2f4854d6]" started-at="2026-05-29T12:45:48 IST" name="startTest" finished-at="2026-05-29T12:45:48 IST" duration-ms="1" status="PASS">
          <params>
            <param index="0">
              <value>
                <![CDATA[public void com.swaglabtest.testcases.BrokenLinkTest.brokenLinkTestPurchasePage()]]>
              </value>
            </param>
          </params>
          <reporter-output>
          </reporter-output>
        </test-method> <!-- startTest -->
        <test-method is-config="true" signature="PageIninitialize(java.lang.reflect.Method)[pri:0, instance:com.swaglabtest.testcases.BrokenLinkTest@2f4854d6]" started-at="2026-05-29T12:45:48 IST" name="PageIninitialize" finished-at="2026-05-29T12:45:48 IST" duration-ms="1" status="PASS">
          <params>
            <param index="0">
              <value>
                <![CDATA[public void com.swaglabtest.testcases.BrokenLinkTest.brokenLinkTestPurchasePage()]]>
              </value>
            </param>
          </params>
          <reporter-output>
          </reporter-output>
        </test-method> <!-- PageIninitialize -->
        <test-method signature="brokenLinkTestPurchasePage()[pri:2, instance:com.swaglabtest.testcases.BrokenLinkTest@2f4854d6]" started-at="2026-05-29T12:45:48 IST" name="brokenLinkTestPurchasePage" finished-at="2026-05-29T12:45:49 IST" duration-ms="1028" status="PASS">
          <reporter-output>
          </reporter-output>
        </test-method> <!-- brokenLinkTestPurchasePage -->
        <test-method is-config="true" signature="teardownClass()[pri:0, instance:com.swaglabtest.testcases.BrokenLinkTest@2f4854d6]" started-at="2026-05-29T12:45:49 IST" name="teardownClass" finished-at="2026-05-29T12:45:49 IST" duration-ms="196" status="PASS">
          <reporter-output>
          </reporter-output>
        </test-method> <!-- teardownClass -->
        <test-method is-config="true" signature="tearDownMethod(org.testng.ITestResult)[pri:0, instance:com.swaglabtest.testcases.BrokenLinkTest@2f4854d6]" started-at="2026-05-29T12:45:49 IST" name="tearDownMethod" finished-at="2026-05-29T12:45:49 IST" duration-ms="0" status="PASS">
          <params>
            <param index="0">
              <value>
                <![CDATA[[TestResult name=brokenLinkTestPurchasePage status=SUCCESS method=BrokenLinkTest.brokenLinkTestPurchasePage()[pri:2, instance:com.swaglabtest.testcases.BrokenLinkTest@2f4854d6] output={null}]]]>
              </value>
            </param>
          </params>
          <reporter-output>
          </reporter-output>
        </test-method> <!-- tearDownMethod -->
        <test-method is-config="true" signature="teardownSuite()[pri:0, instance:com.swaglabtest.testcases.BrokenLinkTest@2f4854d6]" started-at="2026-05-29T12:46:42 IST" name="teardownSuite" finished-at="2026-05-29T12:46:42 IST" duration-ms="359" status="PASS">
          <reporter-output>
          </reporter-output>
        </test-method> <!-- teardownSuite -->
      </class> <!-- com.swaglabtest.testcases.BrokenLinkTest -->
    </test> <!-- Surefire test -->
  </suite> <!-- Surefire suite -->
</testng-results>
