<?xml version="1.0" encoding="UTF-8"?>
<testng-results ignored="0" total="20" passed="20" failed="0" skipped="0">
  <reporter-output>
  </reporter-output>
  <suite started-at="2026-05-29T14:38:53 IST" name="Suite" finished-at="2026-05-29T14:41:55 IST" duration-ms="182060">
    <groups>
    </groups>
    <test started-at="2026-05-29T14:38:53 IST" name="Testchrome" finished-at="2026-05-29T14:40:43 IST" duration-ms="109480">
      <class name="com.swaglabtest.testcases.NewPurchaseTest">
        <test-method is-config="true" signature="setupClass(java.lang.String)[pri:0, instance:com.swaglabtest.testcases.NewPurchaseTest@213e3629]" started-at="2026-05-29T14:39:16 IST" name="setupClass" finished-at="2026-05-29T14:39:29 IST" duration-ms="13037" status="PASS">
          <params>
            <param index="0">
              <value>
                <![CDATA[chrome]]>
              </value>
            </param>
          </params>
          <reporter-output>
          </reporter-output>
        </test-method> <!-- setupClass -->
        <test-method is-config="true" signature="startTest(java.lang.reflect.Method)[pri:0, instance:com.swaglabtest.testcases.NewPurchaseTest@213e3629]" started-at="2026-05-29T14:39:29 IST" name="startTest" finished-at="2026-05-29T14:39:29 IST" duration-ms="2" status="PASS">
          <params>
            <param index="0">
              <value>
                <![CDATA[public void com.swaglabtest.testcases.NewPurchaseTest.newPurchasing()]]>
              </value>
            </param>
          </params>
          <reporter-output>
          </reporter-output>
        </test-method> <!-- startTest -->
        <test-method is-config="true" signature="PageIninitialize(java.lang.reflect.Method)[pri:0, instance:com.swaglabtest.testcases.NewPurchaseTest@213e3629]" started-at="2026-05-29T14:39:29 IST" name="PageIninitialize" finished-at="2026-05-29T14:39:29 IST" duration-ms="292" status="PASS">
          <params>
            <param index="0">
              <value>
                <![CDATA[public void com.swaglabtest.testcases.NewPurchaseTest.newPurchasing()]]>
              </value>
            </param>
          </params>
          <reporter-output>
          </reporter-output>
        </test-method> <!-- PageIninitialize -->
        <test-method signature="newPurchasing()[pri:1, instance:com.swaglabtest.testcases.NewPurchaseTest@213e3629]" started-at="2026-05-29T14:39:29 IST" name="newPurchasing" finished-at="2026-05-29T14:40:03 IST" duration-ms="33064" status="PASS">
          <reporter-output>
          </reporter-output>
        </test-method> <!-- newPurchasing -->
        <test-method is-config="true" signature="tearDownMethod(org.testng.ITestResult)[pri:0, instance:com.swaglabtest.testcases.NewPurchaseTest@213e3629]" started-at="2026-05-29T14:40:03 IST" name="tearDownMethod" finished-at="2026-05-29T14:40:03 IST" duration-ms="2" status="PASS">
          <params>
            <param index="0">
              <value>
                <![CDATA[[TestResult name=newPurchasing status=SUCCESS method=NewPurchaseTest.newPurchasing()[pri:1, instance:com.swaglabtest.testcases.NewPurchaseTest@213e3629] output={null}]]]>
              </value>
            </param>
          </params>
          <reporter-output>
          </reporter-output>
        </test-method> <!-- tearDownMethod -->
        <test-method is-config="true" signature="startTest(java.lang.reflect.Method)[pri:0, instance:com.swaglabtest.testcases.NewPurchaseTest@213e3629]" started-at="2026-05-29T14:40:03 IST" name="startTest" finished-at="2026-05-29T14:40:03 IST" duration-ms="7" status="PASS">
          <params>
            <param index="0">
              <value>
                <![CDATA[public void com.swaglabtest.testcases.NewPurchaseTest.sortOrderAscending()]]>
              </value>
            </param>
          </params>
          <reporter-output>
          </reporter-output>
        </test-method> <!-- startTest -->
        <test-method is-config="true" signature="PageIninitialize(java.lang.reflect.Method)[pri:0, instance:com.swaglabtest.testcases.NewPurchaseTest@213e3629]" started-at="2026-05-29T14:40:03 IST" name="PageIninitialize" finished-at="2026-05-29T14:40:03 IST" duration-ms="3" status="PASS">
          <params>
            <param index="0">
              <value>
                <![CDATA[public void com.swaglabtest.testcases.NewPurchaseTest.sortOrderAscending()]]>
              </value>
            </param>
          </params>
          <reporter-output>
          </reporter-output>
        </test-method> <!-- PageIninitialize -->
        <test-method signature="sortOrderAscending()[pri:2, instance:com.swaglabtest.testcases.NewPurchaseTest@213e3629]" started-at="2026-05-29T14:40:03 IST" name="sortOrderAscending" finished-at="2026-05-29T14:40:03 IST" duration-ms="166" status="PASS">
          <reporter-output>
          </reporter-output>
        </test-method> <!-- sortOrderAscending -->
        <test-method is-config="true" signature="tearDownMethod(org.testng.ITestResult)[pri:0, instance:com.swaglabtest.testcases.NewPurchaseTest@213e3629]" started-at="2026-05-29T14:40:03 IST" name="tearDownMethod" finished-at="2026-05-29T14:40:03 IST" duration-ms="1" status="PASS">
          <params>
            <param index="0">
              <value>
                <![CDATA[[TestResult name=sortOrderAscending status=SUCCESS method=NewPurchaseTest.sortOrderAscending()[pri:2, instance:com.swaglabtest.testcases.NewPurchaseTest@213e3629] output={null}]]]>
              </value>
            </param>
          </params>
          <reporter-output>
          </reporter-output>
        </test-method> <!-- tearDownMethod -->
        <test-method is-config="true" signature="startTest(java.lang.reflect.Method)[pri:0, instance:com.swaglabtest.testcases.NewPurchaseTest@213e3629]" started-at="2026-05-29T14:40:03 IST" name="startTest" finished-at="2026-05-29T14:40:03 IST" duration-ms="1" status="PASS">
          <params>
            <param index="0">
              <value>
                <![CDATA[public void com.swaglabtest.testcases.NewPurchaseTest.sortOrderDescending()]]>
              </value>
            </param>
          </params>
          <reporter-output>
          </reporter-output>
        </test-method> <!-- startTest -->
        <test-method is-config="true" signature="PageIninitialize(java.lang.reflect.Method)[pri:0, instance:com.swaglabtest.testcases.NewPurchaseTest@213e3629]" started-at="2026-05-29T14:40:03 IST" name="PageIninitialize" finished-at="2026-05-29T14:40:03 IST" duration-ms="1" status="PASS">
          <params>
            <param index="0">
              <value>
                <![CDATA[public void com.swaglabtest.testcases.NewPurchaseTest.sortOrderDescending()]]>
              </value>
            </param>
          </params>
          <reporter-output>
          </reporter-output>
        </test-method> <!-- PageIninitialize -->
        <test-method signature="sortOrderDescending()[pri:3, instance:com.swaglabtest.testcases.NewPurchaseTest@213e3629]" started-at="2026-05-29T14:40:03 IST" name="sortOrderDescending" finished-at="2026-05-29T14:40:03 IST" duration-ms="194" status="PASS">
          <reporter-output>
          </reporter-output>
        </test-method> <!-- sortOrderDescending -->
        <test-method is-config="true" signature="tearDownMethod(org.testng.ITestResult)[pri:0, instance:com.swaglabtest.testcases.NewPurchaseTest@213e3629]" started-at="2026-05-29T14:40:03 IST" name="tearDownMethod" finished-at="2026-05-29T14:40:03 IST" duration-ms="2" status="PASS">
          <params>
            <param index="0">
              <value>
                <![CDATA[[TestResult name=sortOrderDescending status=SUCCESS method=NewPurchaseTest.sortOrderDescending()[pri:3, instance:com.swaglabtest.testcases.NewPurchaseTest@213e3629] output={null}]]]>
              </value>
            </param>
          </params>
          <reporter-output>
          </reporter-output>
        </test-method> <!-- tearDownMethod -->
        <test-method is-config="true" signature="startTest(java.lang.reflect.Method)[pri:0, instance:com.swaglabtest.testcases.NewPurchaseTest@213e3629]" started-at="2026-05-29T14:40:03 IST" name="startTest" finished-at="2026-05-29T14:40:03 IST" duration-ms="1" status="PASS">
          <params>
            <param index="0">
              <value>
                <![CDATA[public void com.swaglabtest.testcases.NewPurchaseTest.lowerToHighPriceListDown()]]>
              </value>
            </param>
          </params>
          <reporter-output>
          </reporter-output>
        </test-method> <!-- startTest -->
        <test-method is-config="true" signature="PageIninitialize(java.lang.reflect.Method)[pri:0, instance:com.swaglabtest.testcases.NewPurchaseTest@213e3629]" started-at="2026-05-29T14:40:03 IST" name="PageIninitialize" finished-at="2026-05-29T14:40:03 IST" duration-ms="1" status="PASS">
          <params>
            <param index="0">
              <value>
                <![CDATA[public void com.swaglabtest.testcases.NewPurchaseTest.lowerToHighPriceListDown()]]>
              </value>
            </param>
          </params>
          <reporter-output>
          </reporter-output>
        </test-method> <!-- PageIninitialize -->
        <test-method signature="lowerToHighPriceListDown()[pri:4, instance:com.swaglabtest.testcases.NewPurchaseTest@213e3629]" started-at="2026-05-29T14:40:03 IST" name="lowerToHighPriceListDown" finished-at="2026-05-29T14:40:03 IST" duration-ms="168" status="PASS">
          <reporter-output>
          </reporter-output>
        </test-method> <!-- lowerToHighPriceListDown -->
        <test-method is-config="true" signature="tearDownMethod(org.testng.ITestResult)[pri:0, instance:com.swaglabtest.testcases.NewPurchaseTest@213e3629]" started-at="2026-05-29T14:40:03 IST" name="tearDownMethod" finished-at="2026-05-29T14:40:03 IST" duration-ms="1" status="PASS">
          <params>
            <param index="0">
              <value>
                <![CDATA[[TestResult name=lowerToHighPriceListDown status=SUCCESS method=NewPurchaseTest.lowerToHighPriceListDown()[pri:4, instance:com.swaglabtest.testcases.NewPurchaseTest@213e3629] output={null}]]]>
              </value>
            </param>
          </params>
          <reporter-output>
          </reporter-output>
        </test-method> <!-- tearDownMethod -->
        <test-method is-config="true" signature="startTest(java.lang.reflect.Method)[pri:0, instance:com.swaglabtest.testcases.NewPurchaseTest@213e3629]" started-at="2026-05-29T14:40:03 IST" name="startTest" finished-at="2026-05-29T14:40:03 IST" duration-ms="1" status="PASS">
          <params>
            <param index="0">
              <value>
                <![CDATA[public void com.swaglabtest.testcases.NewPurchaseTest.highToLowerPriceListDown()]]>
              </value>
            </param>
          </params>
          <reporter-output>
          </reporter-output>
        </test-method> <!-- startTest -->
        <test-method is-config="true" signature="PageIninitialize(java.lang.reflect.Method)[pri:0, instance:com.swaglabtest.testcases.NewPurchaseTest@213e3629]" started-at="2026-05-29T14:40:03 IST" name="PageIninitialize" finished-at="2026-05-29T14:40:03 IST" duration-ms="2" status="PASS">
          <params>
            <param index="0">
              <value>
                <![CDATA[public void com.swaglabtest.testcases.NewPurchaseTest.highToLowerPriceListDown()]]>
              </value>
            </param>
          </params>
          <reporter-output>
          </reporter-output>
        </test-method> <!-- PageIninitialize -->
        <test-method signature="highToLowerPriceListDown()[pri:5, instance:com.swaglabtest.testcases.NewPurchaseTest@213e3629]" started-at="2026-05-29T14:40:03 IST" name="highToLowerPriceListDown" finished-at="2026-05-29T14:40:03 IST" duration-ms="160" status="PASS">
          <reporter-output>
          </reporter-output>
        </test-method> <!-- highToLowerPriceListDown -->
        <test-method is-config="true" signature="tearDownMethod(org.testng.ITestResult)[pri:0, instance:com.swaglabtest.testcases.NewPurchaseTest@213e3629]" started-at="2026-05-29T14:40:03 IST" name="tearDownMethod" finished-at="2026-05-29T14:40:03 IST" duration-ms="2" status="PASS">
          <params>
            <param index="0">
              <value>
                <![CDATA[[TestResult name=highToLowerPriceListDown status=SUCCESS method=NewPurchaseTest.highToLowerPriceListDown()[pri:5, instance:com.swaglabtest.testcases.NewPurchaseTest@213e3629] output={null}]]]>
              </value>
            </param>
          </params>
          <reporter-output>
          </reporter-output>
        </test-method> <!-- tearDownMethod -->
        <test-method is-config="true" signature="teardownClass()[pri:0, instance:com.swaglabtest.testcases.NewPurchaseTest@213e3629]" started-at="2026-05-29T14:40:03 IST" name="teardownClass" finished-at="2026-05-29T14:40:04 IST" duration-ms="220" status="PASS">
          <reporter-output>
          </reporter-output>
        </test-method> <!-- teardownClass -->
      </class> <!-- com.swaglabtest.testcases.NewPurchaseTest -->
      <class name="com.swaglabtest.testcases.MainPageLoginTest">
        <test-method is-config="true" signature="setupClass(java.lang.String)[pri:0, instance:com.swaglabtest.testcases.MainPageLoginTest@4fdfa676]" started-at="2026-05-29T14:38:53 IST" name="setupClass" finished-at="2026-05-29T14:39:16 IST" duration-ms="22493" status="PASS">
          <params>
            <param index="0">
              <value>
                <![CDATA[chrome]]>
              </value>
            </param>
          </params>
          <reporter-output>
          </reporter-output>
        </test-method> <!-- setupClass -->
        <test-method is-config="true" signature="startTest(java.lang.reflect.Method)[pri:0, instance:com.swaglabtest.testcases.MainPageLoginTest@4fdfa676]" started-at="2026-05-29T14:39:16 IST" name="startTest" finished-at="2026-05-29T14:39:16 IST" duration-ms="11" status="PASS">
          <params>
            <param index="0">
              <value>
                <![CDATA[public void com.swaglabtest.testcases.MainPageLoginTest.UserLogingWithCredentials()]]>
              </value>
            </param>
          </params>
          <reporter-output>
          </reporter-output>
        </test-method> <!-- startTest -->
        <test-method is-config="true" signature="PageIninitialize(java.lang.reflect.Method)[pri:0, instance:com.swaglabtest.testcases.MainPageLoginTest@4fdfa676]" started-at="2026-05-29T14:39:16 IST" name="PageIninitialize" finished-at="2026-05-29T14:39:16 IST" duration-ms="44" status="PASS">
          <params>
            <param index="0">
              <value>
                <![CDATA[public void com.swaglabtest.testcases.MainPageLoginTest.UserLogingWithCredentials()]]>
              </value>
            </param>
          </params>
          <reporter-output>
          </reporter-output>
        </test-method> <!-- PageIninitialize -->
        <test-method signature="UserLogingWithCredentials()[pri:1, instance:com.swaglabtest.testcases.MainPageLoginTest@4fdfa676]" started-at="2026-05-29T14:39:16 IST" name="UserLogingWithCredentials" finished-at="2026-05-29T14:39:16 IST" duration-ms="51" status="PASS">
          <reporter-output>
          </reporter-output>
        </test-method> <!-- UserLogingWithCredentials -->
        <test-method is-config="true" signature="tearDownMethod(org.testng.ITestResult)[pri:0, instance:com.swaglabtest.testcases.MainPageLoginTest@4fdfa676]" started-at="2026-05-29T14:39:16 IST" name="tearDownMethod" finished-at="2026-05-29T14:39:16 IST" duration-ms="2" status="PASS">
          <params>
            <param index="0">
              <value>
                <![CDATA[[TestResult name=UserLogingWithCredentials status=SUCCESS method=MainPageLoginTest.UserLogingWithCredentials()[pri:1, instance:com.swaglabtest.testcases.MainPageLoginTest@4fdfa676] output={null}]]]>
              </value>
            </param>
          </params>
          <reporter-output>
          </reporter-output>
        </test-method> <!-- tearDownMethod -->
        <test-method is-config="true" signature="teardownClass()[pri:0, instance:com.swaglabtest.testcases.MainPageLoginTest@4fdfa676]" started-at="2026-05-29T14:39:16 IST" name="teardownClass" finished-at="2026-05-29T14:39:16 IST" duration-ms="192" status="PASS">
          <reporter-output>
          </reporter-output>
        </test-method> <!-- teardownClass -->
      </class> <!-- com.swaglabtest.testcases.MainPageLoginTest -->
      <class name="com.swaglabtest.testcases.BrokenLinkTest">
        <test-method is-config="true" signature="setupClass(java.lang.String)[pri:0, instance:com.swaglabtest.testcases.BrokenLinkTest@4e9658b5]" started-at="2026-05-29T14:40:04 IST" name="setupClass" finished-at="2026-05-29T14:40:21 IST" duration-ms="16974" status="PASS">
          <params>
            <param index="0">
              <value>
                <![CDATA[chrome]]>
              </value>
            </param>
          </params>
          <reporter-output>
          </reporter-output>
        </test-method> <!-- setupClass -->
        <test-method is-config="true" signature="startTest(java.lang.reflect.Method)[pri:0, instance:com.swaglabtest.testcases.BrokenLinkTest@4e9658b5]" started-at="2026-05-29T14:40:21 IST" name="startTest" finished-at="2026-05-29T14:40:21 IST" duration-ms="1" status="PASS">
          <params>
            <param index="0">
              <value>
                <![CDATA[public void com.swaglabtest.testcases.BrokenLinkTest.brokenLinkTestLoginPage()]]>
              </value>
            </param>
          </params>
          <reporter-output>
          </reporter-output>
        </test-method> <!-- startTest -->
        <test-method is-config="true" signature="PageIninitialize(java.lang.reflect.Method)[pri:0, instance:com.swaglabtest.testcases.BrokenLinkTest@4e9658b5]" started-at="2026-05-29T14:40:21 IST" name="PageIninitialize" finished-at="2026-05-29T14:40:21 IST" duration-ms="2" status="PASS">
          <params>
            <param index="0">
              <value>
                <![CDATA[public void com.swaglabtest.testcases.BrokenLinkTest.brokenLinkTestLoginPage()]]>
              </value>
            </param>
          </params>
          <reporter-output>
          </reporter-output>
        </test-method> <!-- PageIninitialize -->
        <test-method signature="brokenLinkTestLoginPage()[pri:1, instance:com.swaglabtest.testcases.BrokenLinkTest@4e9658b5]" started-at="2026-05-29T14:40:21 IST" name="brokenLinkTestLoginPage" finished-at="2026-05-29T14:40:23 IST" duration-ms="2196" status="PASS">
          <reporter-output>
          </reporter-output>
        </test-method> <!-- brokenLinkTestLoginPage -->
        <test-method is-config="true" signature="tearDownMethod(org.testng.ITestResult)[pri:0, instance:com.swaglabtest.testcases.BrokenLinkTest@4e9658b5]" started-at="2026-05-29T14:40:23 IST" name="tearDownMethod" finished-at="2026-05-29T14:40:23 IST" duration-ms="1" status="PASS">
          <params>
            <param index="0">
              <value>
                <![CDATA[[TestResult name=brokenLinkTestLoginPage status=SUCCESS method=BrokenLinkTest.brokenLinkTestLoginPage()[pri:1, instance:com.swaglabtest.testcases.BrokenLinkTest@4e9658b5] output={null}]]]>
              </value>
            </param>
          </params>
          <reporter-output>
          </reporter-output>
        </test-method> <!-- tearDownMethod -->
        <test-method is-config="true" signature="startTest(java.lang.reflect.Method)[pri:0, instance:com.swaglabtest.testcases.BrokenLinkTest@4e9658b5]" started-at="2026-05-29T14:40:23 IST" name="startTest" finished-at="2026-05-29T14:40:23 IST" duration-ms="1" status="PASS">
          <params>
            <param index="0">
              <value>
                <![CDATA[public void com.swaglabtest.testcases.BrokenLinkTest.brokenLinkTestPurchasePage()]]>
              </value>
            </param>
          </params>
          <reporter-output>
          </reporter-output>
        </test-method> <!-- startTest -->
        <test-method is-config="true" signature="PageIninitialize(java.lang.reflect.Method)[pri:0, instance:com.swaglabtest.testcases.BrokenLinkTest@4e9658b5]" started-at="2026-05-29T14:40:23 IST" name="PageIninitialize" finished-at="2026-05-29T14:40:23 IST" duration-ms="1" status="PASS">
          <params>
            <param index="0">
              <value>
                <![CDATA[public void com.swaglabtest.testcases.BrokenLinkTest.brokenLinkTestPurchasePage()]]>
              </value>
            </param>
          </params>
          <reporter-output>
          </reporter-output>
        </test-method> <!-- PageIninitialize -->
        <test-method signature="brokenLinkTestPurchasePage()[pri:2, instance:com.swaglabtest.testcases.BrokenLinkTest@4e9658b5]" started-at="2026-05-29T14:40:23 IST" name="brokenLinkTestPurchasePage" finished-at="2026-05-29T14:40:24 IST" duration-ms="1232" status="PASS">
          <reporter-output>
          </reporter-output>
        </test-method> <!-- brokenLinkTestPurchasePage -->
        <test-method is-config="true" signature="tearDownMethod(org.testng.ITestResult)[pri:0, instance:com.swaglabtest.testcases.BrokenLinkTest@4e9658b5]" started-at="2026-05-29T14:40:24 IST" name="tearDownMethod" finished-at="2026-05-29T14:40:24 IST" duration-ms="2" status="PASS">
          <params>
            <param index="0">
              <value>
                <![CDATA[[TestResult name=brokenLinkTestPurchasePage status=SUCCESS method=BrokenLinkTest.brokenLinkTestPurchasePage()[pri:2, instance:com.swaglabtest.testcases.BrokenLinkTest@4e9658b5] output={null}]]]>
              </value>
            </param>
          </params>
          <reporter-output>
          </reporter-output>
        </test-method> <!-- tearDownMethod -->
        <test-method is-config="true" signature="teardownClass()[pri:0, instance:com.swaglabtest.testcases.BrokenLinkTest@4e9658b5]" started-at="2026-05-29T14:40:24 IST" name="teardownClass" finished-at="2026-05-29T14:40:24 IST" duration-ms="171" status="PASS">
          <reporter-output>
          </reporter-output>
        </test-method> <!-- teardownClass -->
      </class> <!-- com.swaglabtest.testcases.BrokenLinkTest -->
      <class name="com.swaglabtest.testcases.SeccurityTest">
        <test-method is-config="true" signature="setupClass(java.lang.String)[pri:0, instance:com.swaglabtest.testcases.SeccurityTest@2a7b6f69]" started-at="2026-05-29T14:40:24 IST" name="setupClass" finished-at="2026-05-29T14:40:42 IST" duration-ms="17374" status="PASS">
          <params>
            <param index="0">
              <value>
                <![CDATA[chrome]]>
              </value>
            </param>
          </params>
          <reporter-output>
          </reporter-output>
        </test-method> <!-- setupClass -->
        <test-method is-config="true" signature="startTest(java.lang.reflect.Method)[pri:0, instance:com.swaglabtest.testcases.SeccurityTest@2a7b6f69]" started-at="2026-05-29T14:40:42 IST" name="startTest" finished-at="2026-05-29T14:40:42 IST" duration-ms="1" status="PASS">
          <params>
            <param index="0">
              <value>
                <![CDATA[public void com.swaglabtest.testcases.SeccurityTest.VerifyWithoutLogin()]]>
              </value>
            </param>
          </params>
          <reporter-output>
          </reporter-output>
        </test-method> <!-- startTest -->
        <test-method is-config="true" signature="PageIninitialize(java.lang.reflect.Method)[pri:0, instance:com.swaglabtest.testcases.SeccurityTest@2a7b6f69]" started-at="2026-05-29T14:40:42 IST" name="PageIninitialize" finished-at="2026-05-29T14:40:42 IST" duration-ms="2" status="PASS">
          <params>
            <param index="0">
              <value>
                <![CDATA[public void com.swaglabtest.testcases.SeccurityTest.VerifyWithoutLogin()]]>
              </value>
            </param>
          </params>
          <reporter-output>
          </reporter-output>
        </test-method> <!-- PageIninitialize -->
        <test-method signature="VerifyWithoutLogin()[pri:1, instance:com.swaglabtest.testcases.SeccurityTest@2a7b6f69]" started-at="2026-05-29T14:40:42 IST" name="VerifyWithoutLogin" finished-at="2026-05-29T14:40:42 IST" duration-ms="469" status="PASS">
          <reporter-output>
          </reporter-output>
        </test-method> <!-- VerifyWithoutLogin -->
        <test-method is-config="true" signature="tearDownMethod(org.testng.ITestResult)[pri:0, instance:com.swaglabtest.testcases.SeccurityTest@2a7b6f69]" started-at="2026-05-29T14:40:42 IST" name="tearDownMethod" finished-at="2026-05-29T14:40:42 IST" duration-ms="1" status="PASS">
          <params>
            <param index="0">
              <value>
                <![CDATA[[TestResult name=VerifyWithoutLogin status=SUCCESS method=SeccurityTest.VerifyWithoutLogin()[pri:1, instance:com.swaglabtest.testcases.SeccurityTest@2a7b6f69] output={null}]]]>
              </value>
            </param>
          </params>
          <reporter-output>
          </reporter-output>
        </test-method> <!-- tearDownMethod -->
        <test-method is-config="true" signature="startTest(java.lang.reflect.Method)[pri:0, instance:com.swaglabtest.testcases.SeccurityTest@2a7b6f69]" started-at="2026-05-29T14:40:42 IST" name="startTest" finished-at="2026-05-29T14:40:42 IST" duration-ms="1" status="PASS">
          <params>
            <param index="0">
              <value>
                <![CDATA[public void com.swaglabtest.testcases.SeccurityTest.checkLogoutUser()]]>
              </value>
            </param>
          </params>
          <reporter-output>
          </reporter-output>
        </test-method> <!-- startTest -->
        <test-method is-config="true" signature="PageIninitialize(java.lang.reflect.Method)[pri:0, instance:com.swaglabtest.testcases.SeccurityTest@2a7b6f69]" started-at="2026-05-29T14:40:42 IST" name="PageIninitialize" finished-at="2026-05-29T14:40:42 IST" duration-ms="5" status="PASS">
          <params>
            <param index="0">
              <value>
                <![CDATA[public void com.swaglabtest.testcases.SeccurityTest.checkLogoutUser()]]>
              </value>
            </param>
          </params>
          <reporter-output>
          </reporter-output>
        </test-method> <!-- PageIninitialize -->
        <test-method signature="checkLogoutUser()[pri:2, instance:com.swaglabtest.testcases.SeccurityTest@2a7b6f69]" started-at="2026-05-29T14:40:42 IST" name="checkLogoutUser" finished-at="2026-05-29T14:40:43 IST" duration-ms="512" status="PASS">
          <reporter-output>
          </reporter-output>
        </test-method> <!-- checkLogoutUser -->
        <test-method is-config="true" signature="tearDownMethod(org.testng.ITestResult)[pri:0, instance:com.swaglabtest.testcases.SeccurityTest@2a7b6f69]" started-at="2026-05-29T14:40:43 IST" name="tearDownMethod" finished-at="2026-05-29T14:40:43 IST" duration-ms="1" status="PASS">
          <params>
            <param index="0">
              <value>
                <![CDATA[[TestResult name=checkLogoutUser status=SUCCESS method=SeccurityTest.checkLogoutUser()[pri:2, instance:com.swaglabtest.testcases.SeccurityTest@2a7b6f69] output={null}]]]>
              </value>
            </param>
          </params>
          <reporter-output>
          </reporter-output>
        </test-method> <!-- tearDownMethod -->
        <test-method is-config="true" signature="teardownClass()[pri:0, instance:com.swaglabtest.testcases.SeccurityTest@2a7b6f69]" started-at="2026-05-29T14:40:43 IST" name="teardownClass" finished-at="2026-05-29T14:40:43 IST" duration-ms="131" status="PASS">
          <reporter-output>
          </reporter-output>
        </test-method> <!-- teardownClass -->
      </class> <!-- com.swaglabtest.testcases.SeccurityTest -->
    </test> <!-- Testchrome -->
    <test started-at="2026-05-29T14:40:43 IST" name="Testfirefox" finished-at="2026-05-29T14:41:55 IST" duration-ms="72558">
      <class name="com.swaglabtest.testcases.NewPurchaseTest">
        <test-method is-config="true" signature="setupClass(java.lang.String)[pri:0, instance:com.swaglabtest.testcases.NewPurchaseTest@588ab592]" started-at="2026-05-29T14:40:55 IST" name="setupClass" finished-at="2026-05-29T14:41:01 IST" duration-ms="5749" status="PASS">
          <params>
            <param index="0">
              <value>
                <![CDATA[firefox]]>
              </value>
            </param>
          </params>
          <reporter-output>
          </reporter-output>
        </test-method> <!-- setupClass -->
        <test-method is-config="true" signature="startTest(java.lang.reflect.Method)[pri:0, instance:com.swaglabtest.testcases.NewPurchaseTest@588ab592]" started-at="2026-05-29T14:41:01 IST" name="startTest" finished-at="2026-05-29T14:41:01 IST" duration-ms="1" status="PASS">
          <params>
            <param index="0">
              <value>
                <![CDATA[public void com.swaglabtest.testcases.NewPurchaseTest.newPurchasing()]]>
              </value>
            </param>
          </params>
          <reporter-output>
          </reporter-output>
        </test-method> <!-- startTest -->
        <test-method is-config="true" signature="PageIninitialize(java.lang.reflect.Method)[pri:0, instance:com.swaglabtest.testcases.NewPurchaseTest@588ab592]" started-at="2026-05-29T14:41:01 IST" name="PageIninitialize" finished-at="2026-05-29T14:41:01 IST" duration-ms="234" status="PASS">
          <params>
            <param index="0">
              <value>
                <![CDATA[public void com.swaglabtest.testcases.NewPurchaseTest.newPurchasing()]]>
              </value>
            </param>
          </params>
          <reporter-output>
          </reporter-output>
        </test-method> <!-- PageIninitialize -->
        <test-method signature="newPurchasing()[pri:1, instance:com.swaglabtest.testcases.NewPurchaseTest@588ab592]" started-at="2026-05-29T14:41:01 IST" name="newPurchasing" finished-at="2026-05-29T14:41:34 IST" duration-ms="32805" status="PASS">
          <reporter-output>
          </reporter-output>
        </test-method> <!-- newPurchasing -->
        <test-method is-config="true" signature="tearDownMethod(org.testng.ITestResult)[pri:0, instance:com.swaglabtest.testcases.NewPurchaseTest@588ab592]" started-at="2026-05-29T14:41:34 IST" name="tearDownMethod" finished-at="2026-05-29T14:41:34 IST" duration-ms="1" status="PASS">
          <params>
            <param index="0">
              <value>
                <![CDATA[[TestResult name=newPurchasing status=SUCCESS method=NewPurchaseTest.newPurchasing()[pri:1, instance:com.swaglabtest.testcases.NewPurchaseTest@588ab592] output={null}]]]>
              </value>
            </param>
          </params>
          <reporter-output>
          </reporter-output>
        </test-method> <!-- tearDownMethod -->
        <test-method is-config="true" signature="startTest(java.lang.reflect.Method)[pri:0, instance:com.swaglabtest.testcases.NewPurchaseTest@588ab592]" started-at="2026-05-29T14:41:34 IST" name="startTest" finished-at="2026-05-29T14:41:34 IST" duration-ms="0" status="PASS">
          <params>
            <param index="0">
              <value>
                <![CDATA[public void com.swaglabtest.testcases.NewPurchaseTest.sortOrderAscending()]]>
              </value>
            </param>
          </params>
          <reporter-output>
          </reporter-output>
        </test-method> <!-- startTest -->
        <test-method is-config="true" signature="PageIninitialize(java.lang.reflect.Method)[pri:0, instance:com.swaglabtest.testcases.NewPurchaseTest@588ab592]" started-at="2026-05-29T14:41:34 IST" name="PageIninitialize" finished-at="2026-05-29T14:41:34 IST" duration-ms="1" status="PASS">
          <params>
            <param index="0">
              <value>
                <![CDATA[public void com.swaglabtest.testcases.NewPurchaseTest.sortOrderAscending()]]>
              </value>
            </param>
          </params>
          <reporter-output>
          </reporter-output>
        </test-method> <!-- PageIninitialize -->
        <test-method signature="sortOrderAscending()[pri:2, instance:com.swaglabtest.testcases.NewPurchaseTest@588ab592]" started-at="2026-05-29T14:41:34 IST" name="sortOrderAscending" finished-at="2026-05-29T14:41:34 IST" duration-ms="88" status="PASS">
          <reporter-output>
          </reporter-output>
        </test-method> <!-- sortOrderAscending -->
        <test-method is-config="true" signature="tearDownMethod(org.testng.ITestResult)[pri:0, instance:com.swaglabtest.testcases.NewPurchaseTest@588ab592]" started-at="2026-05-29T14:41:34 IST" name="tearDownMethod" finished-at="2026-05-29T14:41:34 IST" duration-ms="1" status="PASS">
          <params>
            <param index="0">
              <value>
                <![CDATA[[TestResult name=sortOrderAscending status=SUCCESS method=NewPurchaseTest.sortOrderAscending()[pri:2, instance:com.swaglabtest.testcases.NewPurchaseTest@588ab592] output={null}]]]>
              </value>
            </param>
          </params>
          <reporter-output>
          </reporter-output>
        </test-method> <!-- tearDownMethod -->
        <test-method is-config="true" signature="startTest(java.lang.reflect.Method)[pri:0, instance:com.swaglabtest.testcases.NewPurchaseTest@588ab592]" started-at="2026-05-29T14:41:34 IST" name="startTest" finished-at="2026-05-29T14:41:34 IST" duration-ms="1" status="PASS">
          <params>
            <param index="0">
              <value>
                <![CDATA[public void com.swaglabtest.testcases.NewPurchaseTest.sortOrderDescending()]]>
              </value>
            </param>
          </params>
          <reporter-output>
          </reporter-output>
        </test-method> <!-- startTest -->
        <test-method is-config="true" signature="PageIninitialize(java.lang.reflect.Method)[pri:0, instance:com.swaglabtest.testcases.NewPurchaseTest@588ab592]" started-at="2026-05-29T14:41:34 IST" name="PageIninitialize" finished-at="2026-05-29T14:41:34 IST" duration-ms="1" status="PASS">
          <params>
            <param index="0">
              <value>
                <![CDATA[public void com.swaglabtest.testcases.NewPurchaseTest.sortOrderDescending()]]>
              </value>
            </param>
          </params>
          <reporter-output>
          </reporter-output>
        </test-method> <!-- PageIninitialize -->
        <test-method signature="sortOrderDescending()[pri:3, instance:com.swaglabtest.testcases.NewPurchaseTest@588ab592]" started-at="2026-05-29T14:41:34 IST" name="sortOrderDescending" finished-at="2026-05-29T14:41:34 IST" duration-ms="139" status="PASS">
          <reporter-output>
          </reporter-output>
        </test-method> <!-- sortOrderDescending -->
        <test-method is-config="true" signature="tearDownMethod(org.testng.ITestResult)[pri:0, instance:com.swaglabtest.testcases.NewPurchaseTest@588ab592]" started-at="2026-05-29T14:41:34 IST" name="tearDownMethod" finished-at="2026-05-29T14:41:34 IST" duration-ms="1" status="PASS">
          <params>
            <param index="0">
              <value>
                <![CDATA[[TestResult name=sortOrderDescending status=SUCCESS method=NewPurchaseTest.sortOrderDescending()[pri:3, instance:com.swaglabtest.testcases.NewPurchaseTest@588ab592] output={null}]]]>
              </value>
            </param>
          </params>
          <reporter-output>
          </reporter-output>
        </test-method> <!-- tearDownMethod -->
        <test-method is-config="true" signature="startTest(java.lang.reflect.Method)[pri:0, instance:com.swaglabtest.testcases.NewPurchaseTest@588ab592]" started-at="2026-05-29T14:41:34 IST" name="startTest" finished-at="2026-05-29T14:41:34 IST" duration-ms="1" status="PASS">
          <params>
            <param index="0">
              <value>
                <![CDATA[public void com.swaglabtest.testcases.NewPurchaseTest.lowerToHighPriceListDown()]]>
              </value>
            </param>
          </params>
          <reporter-output>
          </reporter-output>
        </test-method> <!-- startTest -->
        <test-method is-config="true" signature="PageIninitialize(java.lang.reflect.Method)[pri:0, instance:com.swaglabtest.testcases.NewPurchaseTest@588ab592]" started-at="2026-05-29T14:41:34 IST" name="PageIninitialize" finished-at="2026-05-29T14:41:34 IST" duration-ms="2" status="PASS">
          <params>
            <param index="0">
              <value>
                <![CDATA[public void com.swaglabtest.testcases.NewPurchaseTest.lowerToHighPriceListDown()]]>
              </value>
            </param>
          </params>
          <reporter-output>
          </reporter-output>
        </test-method> <!-- PageIninitialize -->
        <test-method signature="lowerToHighPriceListDown()[pri:4, instance:com.swaglabtest.testcases.NewPurchaseTest@588ab592]" started-at="2026-05-29T14:41:34 IST" name="lowerToHighPriceListDown" finished-at="2026-05-29T14:41:34 IST" duration-ms="160" status="PASS">
          <reporter-output>
          </reporter-output>
        </test-method> <!-- lowerToHighPriceListDown -->
        <test-method is-config="true" signature="tearDownMethod(org.testng.ITestResult)[pri:0, instance:com.swaglabtest.testcases.NewPurchaseTest@588ab592]" started-at="2026-05-29T14:41:34 IST" name="tearDownMethod" finished-at="2026-05-29T14:41:34 IST" duration-ms="2" status="PASS">
          <params>
            <param index="0">
              <value>
                <![CDATA[[TestResult name=lowerToHighPriceListDown status=SUCCESS method=NewPurchaseTest.lowerToHighPriceListDown()[pri:4, instance:com.swaglabtest.testcases.NewPurchaseTest@588ab592] output={null}]]]>
              </value>
            </param>
          </params>
          <reporter-output>
          </reporter-output>
        </test-method> <!-- tearDownMethod -->
        <test-method is-config="true" signature="startTest(java.lang.reflect.Method)[pri:0, instance:com.swaglabtest.testcases.NewPurchaseTest@588ab592]" started-at="2026-05-29T14:41:34 IST" name="startTest" finished-at="2026-05-29T14:41:34 IST" duration-ms="5" status="PASS">
          <params>
            <param index="0">
              <value>
                <![CDATA[public void com.swaglabtest.testcases.NewPurchaseTest.highToLowerPriceListDown()]]>
              </value>
            </param>
          </params>
          <reporter-output>
          </reporter-output>
        </test-method> <!-- startTest -->
        <test-method is-config="true" signature="PageIninitialize(java.lang.reflect.Method)[pri:0, instance:com.swaglabtest.testcases.NewPurchaseTest@588ab592]" started-at="2026-05-29T14:41:34 IST" name="PageIninitialize" finished-at="2026-05-29T14:41:34 IST" duration-ms="3" status="PASS">
          <params>
            <param index="0">
              <value>
                <![CDATA[public void com.swaglabtest.testcases.NewPurchaseTest.highToLowerPriceListDown()]]>
              </value>
            </param>
          </params>
          <reporter-output>
          </reporter-output>
        </test-method> <!-- PageIninitialize -->
        <test-method signature="highToLowerPriceListDown()[pri:5, instance:com.swaglabtest.testcases.NewPurchaseTest@588ab592]" started-at="2026-05-29T14:41:34 IST" name="highToLowerPriceListDown" finished-at="2026-05-29T14:41:34 IST" duration-ms="150" status="PASS">
          <reporter-output>
          </reporter-output>
        </test-method> <!-- highToLowerPriceListDown -->
        <test-method is-config="true" signature="tearDownMethod(org.testng.ITestResult)[pri:0, instance:com.swaglabtest.testcases.NewPurchaseTest@588ab592]" started-at="2026-05-29T14:41:34 IST" name="tearDownMethod" finished-at="2026-05-29T14:41:34 IST" duration-ms="1" status="PASS">
          <params>
            <param index="0">
              <value>
                <![CDATA[[TestResult name=highToLowerPriceListDown status=SUCCESS method=NewPurchaseTest.highToLowerPriceListDown()[pri:5, instance:com.swaglabtest.testcases.NewPurchaseTest@588ab592] output={null}]]]>
              </value>
            </param>
          </params>
          <reporter-output>
          </reporter-output>
        </test-method> <!-- tearDownMethod -->
        <test-method is-config="true" signature="teardownClass()[pri:0, instance:com.swaglabtest.testcases.NewPurchaseTest@588ab592]" started-at="2026-05-29T14:41:34 IST" name="teardownClass" finished-at="2026-05-29T14:41:36 IST" duration-ms="1116" status="PASS">
          <reporter-output>
          </reporter-output>
        </test-method> <!-- teardownClass -->
      </class> <!-- com.swaglabtest.testcases.NewPurchaseTest -->
      <class name="com.swaglabtest.testcases.MainPageLoginTest">
        <test-method is-config="true" signature="setupSuite()[pri:0, instance:com.swaglabtest.testcases.MainPageLoginTest@21680803]" started-at="2026-05-29T14:38:52 IST" name="setupSuite" finished-at="2026-05-29T14:38:53 IST" duration-ms="1274" status="PASS">
          <reporter-output>
          </reporter-output>
        </test-method> <!-- setupSuite -->
        <test-method is-config="true" signature="setupClass(java.lang.String)[pri:0, instance:com.swaglabtest.testcases.MainPageLoginTest@21680803]" started-at="2026-05-29T14:40:43 IST" name="setupClass" finished-at="2026-05-29T14:40:54 IST" duration-ms="11320" status="PASS">
          <params>
            <param index="0">
              <value>
                <![CDATA[firefox]]>
              </value>
            </param>
          </params>
          <reporter-output>
          </reporter-output>
        </test-method> <!-- setupClass -->
        <test-method is-config="true" signature="startTest(java.lang.reflect.Method)[pri:0, instance:com.swaglabtest.testcases.MainPageLoginTest@21680803]" started-at="2026-05-29T14:40:54 IST" name="startTest" finished-at="2026-05-29T14:40:54 IST" duration-ms="0" status="PASS">
          <params>
            <param index="0">
              <value>
                <![CDATA[public void com.swaglabtest.testcases.MainPageLoginTest.UserLogingWithCredentials()]]>
              </value>
            </param>
          </params>
          <reporter-output>
          </reporter-output>
        </test-method> <!-- startTest -->
        <test-method is-config="true" signature="PageIninitialize(java.lang.reflect.Method)[pri:0, instance:com.swaglabtest.testcases.MainPageLoginTest@21680803]" started-at="2026-05-29T14:40:54 IST" name="PageIninitialize" finished-at="2026-05-29T14:40:54 IST" duration-ms="1" status="PASS">
          <params>
            <param index="0">
              <value>
                <![CDATA[public void com.swaglabtest.testcases.MainPageLoginTest.UserLogingWithCredentials()]]>
              </value>
            </param>
          </params>
          <reporter-output>
          </reporter-output>
        </test-method> <!-- PageIninitialize -->
        <test-method signature="UserLogingWithCredentials()[pri:1, instance:com.swaglabtest.testcases.MainPageLoginTest@21680803]" started-at="2026-05-29T14:40:54 IST" name="UserLogingWithCredentials" finished-at="2026-05-29T14:40:54 IST" duration-ms="4" status="PASS">
          <reporter-output>
          </reporter-output>
        </test-method> <!-- UserLogingWithCredentials -->
        <test-method is-config="true" signature="tearDownMethod(org.testng.ITestResult)[pri:0, instance:com.swaglabtest.testcases.MainPageLoginTest@21680803]" started-at="2026-05-29T14:40:54 IST" name="tearDownMethod" finished-at="2026-05-29T14:40:54 IST" duration-ms="2" status="PASS">
          <params>
            <param index="0">
              <value>
                <![CDATA[[TestResult name=UserLogingWithCredentials status=SUCCESS method=MainPageLoginTest.UserLogingWithCredentials()[pri:1, instance:com.swaglabtest.testcases.MainPageLoginTest@21680803] output={null}]]]>
              </value>
            </param>
          </params>
          <reporter-output>
          </reporter-output>
        </test-method> <!-- tearDownMethod -->
        <test-method is-config="true" signature="teardownClass()[pri:0, instance:com.swaglabtest.testcases.MainPageLoginTest@21680803]" started-at="2026-05-29T14:40:54 IST" name="teardownClass" finished-at="2026-05-29T14:40:55 IST" duration-ms="1003" status="PASS">
          <reporter-output>
          </reporter-output>
        </test-method> <!-- teardownClass -->
        <test-method is-config="true" signature="teardownSuite()[pri:0, instance:com.swaglabtest.testcases.MainPageLoginTest@21680803]" started-at="2026-05-29T14:41:55 IST" name="teardownSuite" finished-at="2026-05-29T14:41:56 IST" duration-ms="631" status="PASS">
          <reporter-output>
          </reporter-output>
        </test-method> <!-- teardownSuite -->
      </class> <!-- com.swaglabtest.testcases.MainPageLoginTest -->
      <class name="com.swaglabtest.testcases.BrokenLinkTest">
        <test-method is-config="true" signature="setupClass(java.lang.String)[pri:0, instance:com.swaglabtest.testcases.BrokenLinkTest@c8b96ec]" started-at="2026-05-29T14:41:36 IST" name="setupClass" finished-at="2026-05-29T14:41:43 IST" duration-ms="7582" status="PASS">
          <params>
            <param index="0">
              <value>
                <![CDATA[firefox]]>
              </value>
            </param>
          </params>
          <reporter-output>
          </reporter-output>
        </test-method> <!-- setupClass -->
        <test-method is-config="true" signature="startTest(java.lang.reflect.Method)[pri:0, instance:com.swaglabtest.testcases.BrokenLinkTest@c8b96ec]" started-at="2026-05-29T14:41:43 IST" name="startTest" finished-at="2026-05-29T14:41:43 IST" duration-ms="0" status="PASS">
          <params>
            <param index="0">
              <value>
                <![CDATA[public void com.swaglabtest.testcases.BrokenLinkTest.brokenLinkTestLoginPage()]]>
              </value>
            </param>
          </params>
          <reporter-output>
          </reporter-output>
        </test-method> <!-- startTest -->
        <test-method is-config="true" signature="PageIninitialize(java.lang.reflect.Method)[pri:0, instance:com.swaglabtest.testcases.BrokenLinkTest@c8b96ec]" started-at="2026-05-29T14:41:43 IST" name="PageIninitialize" finished-at="2026-05-29T14:41:43 IST" duration-ms="0" status="PASS">
          <params>
            <param index="0">
              <value>
                <![CDATA[public void com.swaglabtest.testcases.BrokenLinkTest.brokenLinkTestLoginPage()]]>
              </value>
            </param>
          </params>
          <reporter-output>
          </reporter-output>
        </test-method> <!-- PageIninitialize -->
        <test-method signature="brokenLinkTestLoginPage()[pri:1, instance:com.swaglabtest.testcases.BrokenLinkTest@c8b96ec]" started-at="2026-05-29T14:41:43 IST" name="brokenLinkTestLoginPage" finished-at="2026-05-29T14:41:46 IST" duration-ms="2350" status="PASS">
          <reporter-output>
          </reporter-output>
        </test-method> <!-- brokenLinkTestLoginPage -->
        <test-method is-config="true" signature="tearDownMethod(org.testng.ITestResult)[pri:0, instance:com.swaglabtest.testcases.BrokenLinkTest@c8b96ec]" started-at="2026-05-29T14:41:46 IST" name="tearDownMethod" finished-at="2026-05-29T14:41:46 IST" duration-ms="1" status="PASS">
          <params>
            <param index="0">
              <value>
                <![CDATA[[TestResult name=brokenLinkTestLoginPage status=SUCCESS method=BrokenLinkTest.brokenLinkTestLoginPage()[pri:1, instance:com.swaglabtest.testcases.BrokenLinkTest@c8b96ec] output={null}]]]>
              </value>
            </param>
          </params>
          <reporter-output>
          </reporter-output>
        </test-method> <!-- tearDownMethod -->
        <test-method is-config="true" signature="startTest(java.lang.reflect.Method)[pri:0, instance:com.swaglabtest.testcases.BrokenLinkTest@c8b96ec]" started-at="2026-05-29T14:41:46 IST" name="startTest" finished-at="2026-05-29T14:41:46 IST" duration-ms="1" status="PASS">
          <params>
            <param index="0">
              <value>
                <![CDATA[public void com.swaglabtest.testcases.BrokenLinkTest.brokenLinkTestPurchasePage()]]>
              </value>
            </param>
          </params>
          <reporter-output>
          </reporter-output>
        </test-method> <!-- startTest -->
        <test-method is-config="true" signature="PageIninitialize(java.lang.reflect.Method)[pri:0, instance:com.swaglabtest.testcases.BrokenLinkTest@c8b96ec]" started-at="2026-05-29T14:41:46 IST" name="PageIninitialize" finished-at="2026-05-29T14:41:46 IST" duration-ms="2" status="PASS">
          <params>
            <param index="0">
              <value>
                <![CDATA[public void com.swaglabtest.testcases.BrokenLinkTest.brokenLinkTestPurchasePage()]]>
              </value>
            </param>
          </params>
          <reporter-output>
          </reporter-output>
        </test-method> <!-- PageIninitialize -->
        <test-method signature="brokenLinkTestPurchasePage()[pri:2, instance:com.swaglabtest.testcases.BrokenLinkTest@c8b96ec]" started-at="2026-05-29T14:41:46 IST" name="brokenLinkTestPurchasePage" finished-at="2026-05-29T14:41:47 IST" duration-ms="1768" status="PASS">
          <reporter-output>
          </reporter-output>
        </test-method> <!-- brokenLinkTestPurchasePage -->
        <test-method is-config="true" signature="tearDownMethod(org.testng.ITestResult)[pri:0, instance:com.swaglabtest.testcases.BrokenLinkTest@c8b96ec]" started-at="2026-05-29T14:41:47 IST" name="tearDownMethod" finished-at="2026-05-29T14:41:47 IST" duration-ms="1" status="PASS">
          <params>
            <param index="0">
              <value>
                <![CDATA[[TestResult name=brokenLinkTestPurchasePage status=SUCCESS method=BrokenLinkTest.brokenLinkTestPurchasePage()[pri:2, instance:com.swaglabtest.testcases.BrokenLinkTest@c8b96ec] output={null}]]]>
              </value>
            </param>
          </params>
          <reporter-output>
          </reporter-output>
        </test-method> <!-- tearDownMethod -->
        <test-method is-config="true" signature="teardownClass()[pri:0, instance:com.swaglabtest.testcases.BrokenLinkTest@c8b96ec]" started-at="2026-05-29T14:41:47 IST" name="teardownClass" finished-at="2026-05-29T14:41:48 IST" duration-ms="913" status="PASS">
          <reporter-output>
          </reporter-output>
        </test-method> <!-- teardownClass -->
      </class> <!-- com.swaglabtest.testcases.BrokenLinkTest -->
      <class name="com.swaglabtest.testcases.SeccurityTest">
        <test-method is-config="true" signature="setupClass(java.lang.String)[pri:0, instance:com.swaglabtest.testcases.SeccurityTest@4cc61eb1]" started-at="2026-05-29T14:41:48 IST" name="setupClass" finished-at="2026-05-29T14:41:53 IST" duration-ms="4862" status="PASS">
          <params>
            <param index="0">
              <value>
                <![CDATA[firefox]]>
              </value>
            </param>
          </params>
          <reporter-output>
          </reporter-output>
        </test-method> <!-- setupClass -->
        <test-method is-config="true" signature="startTest(java.lang.reflect.Method)[pri:0, instance:com.swaglabtest.testcases.SeccurityTest@4cc61eb1]" started-at="2026-05-29T14:41:53 IST" name="startTest" finished-at="2026-05-29T14:41:53 IST" duration-ms="2" status="PASS">
          <params>
            <param index="0">
              <value>
                <![CDATA[public void com.swaglabtest.testcases.SeccurityTest.VerifyWithoutLogin()]]>
              </value>
            </param>
          </params>
          <reporter-output>
          </reporter-output>
        </test-method> <!-- startTest -->
        <test-method is-config="true" signature="PageIninitialize(java.lang.reflect.Method)[pri:0, instance:com.swaglabtest.testcases.SeccurityTest@4cc61eb1]" started-at="2026-05-29T14:41:53 IST" name="PageIninitialize" finished-at="2026-05-29T14:41:53 IST" duration-ms="1" status="PASS">
          <params>
            <param index="0">
              <value>
                <![CDATA[public void com.swaglabtest.testcases.SeccurityTest.VerifyWithoutLogin()]]>
              </value>
            </param>
          </params>
          <reporter-output>
          </reporter-output>
        </test-method> <!-- PageIninitialize -->
        <test-method signature="VerifyWithoutLogin()[pri:1, instance:com.swaglabtest.testcases.SeccurityTest@4cc61eb1]" started-at="2026-05-29T14:41:53 IST" name="VerifyWithoutLogin" finished-at="2026-05-29T14:41:54 IST" duration-ms="593" status="PASS">
          <reporter-output>
          </reporter-output>
        </test-method> <!-- VerifyWithoutLogin -->
        <test-method is-config="true" signature="tearDownMethod(org.testng.ITestResult)[pri:0, instance:com.swaglabtest.testcases.SeccurityTest@4cc61eb1]" started-at="2026-05-29T14:41:54 IST" name="tearDownMethod" finished-at="2026-05-29T14:41:54 IST" duration-ms="0" status="PASS">
          <params>
            <param index="0">
              <value>
                <![CDATA[[TestResult name=VerifyWithoutLogin status=SUCCESS method=SeccurityTest.VerifyWithoutLogin()[pri:1, instance:com.swaglabtest.testcases.SeccurityTest@4cc61eb1] output={null}]]]>
              </value>
            </param>
          </params>
          <reporter-output>
          </reporter-output>
        </test-method> <!-- tearDownMethod -->
        <test-method is-config="true" signature="startTest(java.lang.reflect.Method)[pri:0, instance:com.swaglabtest.testcases.SeccurityTest@4cc61eb1]" started-at="2026-05-29T14:41:54 IST" name="startTest" finished-at="2026-05-29T14:41:54 IST" duration-ms="0" status="PASS">
          <params>
            <param index="0">
              <value>
                <![CDATA[public void com.swaglabtest.testcases.SeccurityTest.checkLogoutUser()]]>
              </value>
            </param>
          </params>
          <reporter-output>
          </reporter-output>
        </test-method> <!-- startTest -->
        <test-method is-config="true" signature="PageIninitialize(java.lang.reflect.Method)[pri:0, instance:com.swaglabtest.testcases.SeccurityTest@4cc61eb1]" started-at="2026-05-29T14:41:54 IST" name="PageIninitialize" finished-at="2026-05-29T14:41:54 IST" duration-ms="1" status="PASS">
          <params>
            <param index="0">
              <value>
                <![CDATA[public void com.swaglabtest.testcases.SeccurityTest.checkLogoutUser()]]>
              </value>
            </param>
          </params>
          <reporter-output>
          </reporter-output>
        </test-method> <!-- PageIninitialize -->
        <test-method signature="checkLogoutUser()[pri:2, instance:com.swaglabtest.testcases.SeccurityTest@4cc61eb1]" started-at="2026-05-29T14:41:54 IST" name="checkLogoutUser" finished-at="2026-05-29T14:41:54 IST" duration-ms="425" status="PASS">
          <reporter-output>
          </reporter-output>
        </test-method> <!-- checkLogoutUser -->
        <test-method is-config="true" signature="tearDownMethod(org.testng.ITestResult)[pri:0, instance:com.swaglabtest.testcases.SeccurityTest@4cc61eb1]" started-at="2026-05-29T14:41:54 IST" name="tearDownMethod" finished-at="2026-05-29T14:41:54 IST" duration-ms="1" status="PASS">
          <params>
            <param index="0">
              <value>
                <![CDATA[[TestResult name=checkLogoutUser status=SUCCESS method=SeccurityTest.checkLogoutUser()[pri:2, instance:com.swaglabtest.testcases.SeccurityTest@4cc61eb1] output={null}]]]>
              </value>
            </param>
          </params>
          <reporter-output>
          </reporter-output>
        </test-method> <!-- tearDownMethod -->
        <test-method is-config="true" signature="teardownClass()[pri:0, instance:com.swaglabtest.testcases.SeccurityTest@4cc61eb1]" started-at="2026-05-29T14:41:54 IST" name="teardownClass" finished-at="2026-05-29T14:41:55 IST" duration-ms="1145" status="PASS">
          <reporter-output>
          </reporter-output>
        </test-method> <!-- teardownClass -->
      </class> <!-- com.swaglabtest.testcases.SeccurityTest -->
    </test> <!-- Testfirefox -->
  </suite> <!-- Suite -->
</testng-results>
