<?xml version="1.0" encoding="UTF-8"?>
<testng-results ignored="0" total="2" passed="2" failed="0" skipped="0">
  <reporter-output>
  </reporter-output>
  <suite started-at="2026-05-29T12:32:04 IST" name="Default suite" finished-at="2026-05-29T12:32:19 IST" duration-ms="15079">
    <groups>
    </groups>
    <test started-at="2026-05-29T12:32:04 IST" name="Default test" finished-at="2026-05-29T12:32:19 IST" duration-ms="15079">
      <class name="com.swaglabtest.testcases.BrokenLinkTest">
        <test-method is-config="true" signature="setupSuite()[pri:0, instance:com.swaglabtest.testcases.BrokenLinkTest@1c25b8a7]" started-at="2026-05-29T12:32:03 IST" name="setupSuite" finished-at="2026-05-29T12:32:04 IST" duration-ms="1143" status="PASS">
          <reporter-output>
          </reporter-output>
        </test-method> <!-- setupSuite -->
        <test-method is-config="true" signature="setupClass(java.lang.String)[pri:0, instance:com.swaglabtest.testcases.BrokenLinkTest@1c25b8a7]" started-at="2026-05-29T12:32:04 IST" name="setupClass" finished-at="2026-05-29T12:32:16 IST" duration-ms="12200" status="PASS">
          <params>
            <param index="0">
              <value>
                <![CDATA[]]>
              </value>
            </param>
          </params>
          <reporter-output>
          </reporter-output>
        </test-method> <!-- setupClass -->
        <test-method is-config="true" signature="startTest(java.lang.reflect.Method)[pri:0, instance:com.swaglabtest.testcases.BrokenLinkTest@1c25b8a7]" started-at="2026-05-29T12:32:16 IST" name="startTest" finished-at="2026-05-29T12:32:16 IST" duration-ms="13" status="PASS">
          <params>
            <param index="0">
              <value>
                <![CDATA[public void com.swaglabtest.testcases.BrokenLinkTest.brokenLinkTestLoginPage()]]>
              </value>
            </param>
          </params>
          <reporter-output>
          </reporter-output>
        </test-method> <!-- startTest -->
        <test-method is-config="true" signature="PageIninitialize(java.lang.reflect.Method)[pri:0, instance:com.swaglabtest.testcases.BrokenLinkTest@1c25b8a7]" started-at="2026-05-29T12:32:16 IST" name="PageIninitialize" finished-at="2026-05-29T12:32:16 IST" duration-ms="21" status="PASS">
          <params>
            <param index="0">
              <value>
                <![CDATA[public void com.swaglabtest.testcases.BrokenLinkTest.brokenLinkTestLoginPage()]]>
              </value>
            </param>
          </params>
          <reporter-output>
          </reporter-output>
        </test-method> <!-- PageIninitialize -->
        <test-method signature="brokenLinkTestLoginPage()[pri:1, instance:com.swaglabtest.testcases.BrokenLinkTest@1c25b8a7]" started-at="2026-05-29T12:32:16 IST" name="brokenLinkTestLoginPage" finished-at="2026-05-29T12:32:18 IST" duration-ms="1449" status="PASS">
          <reporter-output>
          </reporter-output>
        </test-method> <!-- brokenLinkTestLoginPage -->
        <test-method is-config="true" signature="tearDownMethod(org.testng.ITestResult)[pri:0, instance:com.swaglabtest.testcases.BrokenLinkTest@1c25b8a7]" started-at="2026-05-29T12:32:18 IST" name="tearDownMethod" finished-at="2026-05-29T12:32:18 IST" duration-ms="1" status="PASS">
          <params>
            <param index="0">
              <value>
                <![CDATA[[TestResult name=brokenLinkTestLoginPage status=SUCCESS method=BrokenLinkTest.brokenLinkTestLoginPage()[pri:1, instance:com.swaglabtest.testcases.BrokenLinkTest@1c25b8a7] output={null}]]]>
              </value>
            </param>
          </params>
          <reporter-output>
          </reporter-output>
        </test-method> <!-- tearDownMethod -->
        <test-method is-config="true" signature="startTest(java.lang.reflect.Method)[pri:0, instance:com.swaglabtest.testcases.BrokenLinkTest@1c25b8a7]" started-at="2026-05-29T12:32:18 IST" name="startTest" finished-at="2026-05-29T12:32:18 IST" duration-ms="1" status="PASS">
          <params>
            <param index="0">
              <value>
                <![CDATA[public void com.swaglabtest.testcases.BrokenLinkTest.brokenLinkTestPurchasePage()]]>
              </value>
            </param>
          </params>
          <reporter-output>
          </reporter-output>
        </test-method> <!-- startTest -->
        <test-method is-config="true" signature="PageIninitialize(java.lang.reflect.Method)[pri:0, instance:com.swaglabtest.testcases.BrokenLinkTest@1c25b8a7]" started-at="2026-05-29T12:32:18 IST" name="PageIninitialize" finished-at="2026-05-29T12:32:18 IST" duration-ms="1" status="PASS">
          <params>
            <param index="0">
              <value>
                <![CDATA[public void com.swaglabtest.testcases.BrokenLinkTest.brokenLinkTestPurchasePage()]]>
              </value>
            </param>
          </params>
          <reporter-output>
          </reporter-output>
        </test-method> <!-- PageIninitialize -->
        <test-method signature="brokenLinkTestPurchasePage()[pri:2, instance:com.swaglabtest.testcases.BrokenLinkTest@1c25b8a7]" started-at="2026-05-29T12:32:18 IST" name="brokenLinkTestPurchasePage" finished-at="2026-05-29T12:32:19 IST" duration-ms="1060" status="PASS">
          <reporter-output>
          </reporter-output>
        </test-method> <!-- brokenLinkTestPurchasePage -->
        <test-method is-config="true" signature="tearDownMethod(org.testng.ITestResult)[pri:0, instance:com.swaglabtest.testcases.BrokenLinkTest@1c25b8a7]" started-at="2026-05-29T12:32:19 IST" name="tearDownMethod" finished-at="2026-05-29T12:32:19 IST" duration-ms="3" status="PASS">
          <params>
            <param index="0">
              <value>
                <![CDATA[[TestResult name=brokenLinkTestPurchasePage status=SUCCESS method=BrokenLinkTest.brokenLinkTestPurchasePage()[pri:2, instance:com.swaglabtest.testcases.BrokenLinkTest@1c25b8a7] output={null}]]]>
              </value>
            </param>
          </params>
          <reporter-output>
          </reporter-output>
        </test-method> <!-- tearDownMethod -->
        <test-method is-config="true" signature="teardownClass()[pri:0, instance:com.swaglabtest.testcases.BrokenLinkTest@1c25b8a7]" started-at="2026-05-29T12:32:19 IST" name="teardownClass" finished-at="2026-05-29T12:32:19 IST" duration-ms="155" status="PASS">
          <reporter-output>
          </reporter-output>
        </test-method> <!-- teardownClass -->
        <test-method is-config="true" signature="teardownSuite()[pri:0, instance:com.swaglabtest.testcases.BrokenLinkTest@1c25b8a7]" started-at="2026-05-29T12:32:19 IST" name="teardownSuite" finished-at="2026-05-29T12:32:19 IST" duration-ms="294" status="PASS">
          <reporter-output>
          </reporter-output>
        </test-method> <!-- teardownSuite -->
      </class> <!-- com.swaglabtest.testcases.BrokenLinkTest -->
    </test> <!-- Default test -->
  </suite> <!-- Default suite -->
</testng-results>
