<?xml version="1.0" encoding="UTF-8"?>
<!-- Generated by org.testng.reporters.JUnitReportReporter -->
<testsuite hostname="Thilan" failures="0" tests="2" name="com.swaglabtest.testcases.MainPageLoginTest" time="0.115" errors="0" timestamp="2026-05-29T14:41:56 IST" skipped="0">
  <testcase classname="com.swaglabtest.testcases.MainPageLoginTest" name="UserLogingWithCredentials" time="0.108"/>
  <testcase classname="com.swaglabtest.testcases.MainPageLoginTest" name="UserLogingWithCredentials" time="0.007"/>
</testsuite> <!-- com.swaglabtest.testcases.MainPageLoginTest -->
