<?xml version="1.0" encoding="UTF-8"?>
<!-- Generated by org.testng.reporters.JUnitReportReporter -->
<testsuite hostname="Thilan" failures="0" tests="2" name="com.swaglabtest.testcases.BrokenLinkTest" time="2.549" errors="0" timestamp="2026-05-29T12:32:19 IST" skipped="0">
  <testcase classname="com.swaglabtest.testcases.BrokenLinkTest" name="brokenLinkTestLoginPage" time="1.484"/>
  <testcase classname="com.swaglabtest.testcases.BrokenLinkTest" name="brokenLinkTestPurchasePage" time="1.065"/>
</testsuite> <!-- com.swaglabtest.testcases.BrokenLinkTest -->
