<?xml version="1.0" encoding="UTF-8"?>
<!-- Generated by org.testng.reporters.JUnitReportReporter -->
<testsuite hostname="Thilan" failures="0" tests="4" name="com.swaglabtest.testcases.BrokenLinkTest" time="7.559" errors="0" timestamp="2026-05-29T14:41:56 IST" skipped="0">
  <testcase classname="com.swaglabtest.testcases.BrokenLinkTest" name="brokenLinkTestLoginPage" time="2.352"/>
  <testcase classname="com.swaglabtest.testcases.BrokenLinkTest" name="brokenLinkTestLoginPage" time="2.199"/>
  <testcase classname="com.swaglabtest.testcases.BrokenLinkTest" name="brokenLinkTestPurchasePage" time="1.237"/>
  <testcase classname="com.swaglabtest.testcases.BrokenLinkTest" name="brokenLinkTestPurchasePage" time="1.771"/>
</testsuite> <!-- com.swaglabtest.testcases.BrokenLinkTest -->
