<?xml version="1.0" encoding="UTF-8"?>
<!-- Generated by org.testng.reporters.JUnitReportReporter -->
<testsuite hostname="Thilan" failures="0" tests="10" name="com.swaglabtest.testcases.NewPurchaseTest" time="67.668" errors="0" timestamp="2026-05-29T14:41:56 IST" skipped="0">
  <testcase classname="com.swaglabtest.testcases.NewPurchaseTest" name="newPurchasing" time="32.809"/>
  <testcase classname="com.swaglabtest.testcases.NewPurchaseTest" name="newPurchasing" time="33.074"/>
  <testcase classname="com.swaglabtest.testcases.NewPurchaseTest" name="sortOrderAscending" time="0.461"/>
  <testcase classname="com.swaglabtest.testcases.NewPurchaseTest" name="sortOrderAscending" time="0.324"/>
  <testcase classname="com.swaglabtest.testcases.NewPurchaseTest" name="sortOrderDescending" time="0.142"/>
  <testcase classname="com.swaglabtest.testcases.NewPurchaseTest" name="sortOrderDescending" time="0.197"/>
  <testcase classname="com.swaglabtest.testcases.NewPurchaseTest" name="lowerToHighPriceListDown" time="0.168"/>
  <testcase classname="com.swaglabtest.testcases.NewPurchaseTest" name="lowerToHighPriceListDown" time="0.174"/>
  <testcase classname="com.swaglabtest.testcases.NewPurchaseTest" name="highToLowerPriceListDown" time="0.165"/>
  <testcase classname="com.swaglabtest.testcases.NewPurchaseTest" name="highToLowerPriceListDown" time="0.154"/>
</testsuite> <!-- com.swaglabtest.testcases.NewPurchaseTest -->
