<?xml version="1.0" encoding="UTF-8"?>
<!-- Generated by org.testng.reporters.JUnitReportReporter -->
<testsuite hostname="Thilan" failures="0" tests="5" name="com.swaglabtest.testcases.NewPurchaseTest" time="33.398" errors="0" timestamp="2026-05-29T14:44:12 IST" skipped="0">
  <testcase classname="com.swaglabtest.testcases.NewPurchaseTest" name="newPurchasing" time="32.894"/>
  <testcase classname="com.swaglabtest.testcases.NewPurchaseTest" name="sortOrderAscending" time="0.124"/>
  <testcase classname="com.swaglabtest.testcases.NewPurchaseTest" name="sortOrderDescending" time="0.138"/>
  <testcase classname="com.swaglabtest.testcases.NewPurchaseTest" name="lowerToHighPriceListDown" time="0.123"/>
  <testcase classname="com.swaglabtest.testcases.NewPurchaseTest" name="highToLowerPriceListDown" time="0.119"/>
</testsuite> <!-- com.swaglabtest.testcases.NewPurchaseTest -->
