<?xml version="1.0" encoding="UTF-8"?>
<!-- Generated by org.testng.reporters.JUnitReportReporter -->
<testsuite hostname="Thilan" failures="0" tests="2" name="com.swaglabtest.testcases.BrokenLinkTest" time="2.831" errors="0" timestamp="2026-05-29T12:46:42 IST" skipped="0">
  <testcase classname="com.swaglabtest.testcases.BrokenLinkTest" name="brokenLinkTestLoginPage" time="1.781"/>
  <testcase classname="com.swaglabtest.testcases.BrokenLinkTest" name="brokenLinkTestPurchasePage" time="1.050"/>
</testsuite> <!-- com.swaglabtest.testcases.BrokenLinkTest -->
